<?xml version="1.0" encoding="UTF-8" ?>
<testsuite tests="19" failures="0" name="Cucumber_Options.Testrunner" time="13.595" errors="0" skipped="0">
  <properties>
[...]
</properties>
  <testcase classname="Verify whether place is added successfully through AddPostAPI" name="Add Place payload with current address Telugu 9994356366" time="1.04"/>
  <testcase classname="Verify whether place is added successfully through AddPostAPI" name="User calls  &quot;AddplaceAPI&quot; through &quot;POST&quot; HTTP Request" time="1.46"/>
  <testcase classname="Verify whether place is added successfully through AddPostAPI" name="API call should be success with status code 200" time="0.003"/>
  <testcase classname="Verify whether place is added successfully through AddPostAPI" name="&quot;status&quot; in response body should be &quot;OK&quot;" time="0.714"/>
  <testcase classname="Verify whether place is added successfully through AddPostAPI" name="&quot;scope&quot; in response body should be &quot;APP&quot;" time="0.01"/>
  <testcase classname="Verify whether place is added successfully through AddPostAPI" name="verify place_id created has the same name current address using &quot;GetplaceAPI&quot;" time="1.954"/>
  <testcase classname="Verify whether place is added successfully through AddPostAPI" name="Verify whether place is added successfully through AddPostAPI" time="1.956"/>
  <testcase classname="Verify whether place is added successfully through AddPostAPI" name="Add Place payload with relative address Telugu 9912208626" time="0.004"/>
  <testcase classname="Verify whether place is added successfully through AddPostAPI" name="User calls  &quot;AddplaceAPI&quot; through &quot;POST&quot; HTTP Request" time="0.236"/>
  <testcase classname="Verify whether place is added successfully through AddPostAPI" name="API call should be success with status code 200" time="0"/>
  <testcase classname="Verify whether place is added successfully through AddPostAPI" name="&quot;status&quot; in response body should be &quot;OK&quot;" time="0.025"/>
  <testcase classname="Verify whether place is added successfully through AddPostAPI" name="&quot;scope&quot; in response body should be &quot;APP&quot;" time="0.014"/>
  <testcase classname="Verify whether place is added successfully through AddPostAPI" name="verify place_id created has the same name relative address using &quot;GetplaceAPI&quot;" time="1.98"/>
  <testcase classname="Verify whether place is added successfully through AddPostAPI" name="Verify whether place is added successfully through AddPostAPI" time="1.98"/>
  <testcase classname="Validating whether delete place API functionality is working" name="Delete Place payload" time="0.002"/>
  <testcase classname="Validating whether delete place API functionality is working" name="User calls  &quot;DeleteplaceAPI&quot; through &quot;POST&quot; HTTP Request" time="2.167"/>
  <testcase classname="Validating whether delete place API functionality is working" name="API call should be success with status code 200" time="0.001"/>
  <testcase classname="Validating whether delete place API functionality is working" name="&quot;status&quot; in response body should be &quot;OK&quot;" time="0.024"/>
  <testcase classname="Validating whether delete place API functionality is working" name="Validating whether delete place API functionality is working" time="0.025"/>
</testsuite>