<?xml version="1.0" encoding="UTF-8"?>
<testng-results total="4" passed="4" failed="0" skipped="0">
  <reporter-output>
  </reporter-output>
  <suite started-at="2021-06-03T11:58:24Z" name="Default suite" finished-at="2021-06-03T11:58:28Z" duration-ms="3950">
    <groups>
    </groups>
    <test started-at="2021-06-03T11:58:24Z" name="Default test" finished-at="2021-06-03T11:58:28Z" duration-ms="3950">
      <class name="Book_API">
        <test-method signature="add_book(java.lang.String, java.lang.String)[pri:0, instance:Book_API@1fa121e2]" started-at="2021-06-03T17:28:24Z" name="add_book" data-provider="get_book_details" finished-at="2021-06-03T17:28:27Z" duration-ms="3333" status="PASS">
          <params>
            <param index="0">
              <value>
                <![CDATA[zaqwewq]]>
              </value>
            </param>
            <param index="1">
              <value>
                <![CDATA[6543782]]>
              </value>
            </param>
          </params>
          <reporter-output>
          </reporter-output>
        </test-method> <!-- add_book -->
        <test-method signature="add_book(java.lang.String, java.lang.String)[pri:0, instance:Book_API@1fa121e2]" started-at="2021-06-03T17:28:27Z" name="add_book" data-provider="get_book_details" finished-at="2021-06-03T17:28:27Z" duration-ms="226" status="PASS">
          <params>
            <param index="0">
              <value>
                <![CDATA[qwewqwe]]>
              </value>
            </param>
            <param index="1">
              <value>
                <![CDATA[9675438]]>
              </value>
            </param>
          </params>
          <reporter-output>
          </reporter-output>
        </test-method> <!-- add_book -->
        <test-method signature="delete_book(java.lang.String, java.lang.String)[pri:0, instance:Book_API@1fa121e2]" started-at="2021-06-03T17:28:27Z" name="delete_book" data-provider="get_book_details" finished-at="2021-06-03T17:28:27Z" duration-ms="199" status="PASS">
          <params>
            <param index="0">
              <value>
                <![CDATA[zaqwewq]]>
              </value>
            </param>
            <param index="1">
              <value>
                <![CDATA[6543782]]>
              </value>
            </param>
          </params>
          <reporter-output>
          </reporter-output>
        </test-method> <!-- delete_book -->
        <test-method signature="delete_book(java.lang.String, java.lang.String)[pri:0, instance:Book_API@1fa121e2]" started-at="2021-06-03T17:28:27Z" name="delete_book" data-provider="get_book_details" finished-at="2021-06-03T17:28:28Z" duration-ms="162" status="PASS">
          <params>
            <param index="0">
              <value>
                <![CDATA[qwewqwe]]>
              </value>
            </param>
            <param index="1">
              <value>
                <![CDATA[9675438]]>
              </value>
            </param>
          </params>
          <reporter-output>
          </reporter-output>
        </test-method> <!-- delete_book -->
      </class> <!-- Book_API -->
    </test> <!-- Default test -->
  </suite> <!-- Default suite -->
</testng-results>
